<?xml version="1.0" encoding="UTF-8" standalone="no"?>
<testsuite failures="1" name="cucumber.runtime.formatter.JUnitFormatter" skipped="0" tests="1" time="21.442841">
    <testcase classname="US01- Création de compte" name="Test US01- Valider que le client ne puisse pas créer un compte avec un nom, prénom, email et un mot de passe NON CONFORME au Regex (minim 7 caractères et contenir minim une majuscule, une  minuscule, un chiffre et un caractère spécial)" time="21.442841">
        <failure message="java.lang.AssertionError: Le bouton est cliquable&#10;&#9;at org.junit.Assert.fail(Assert.java:88)&#10;&#9;at org.junit.Assert.assertTrue(Assert.java:41)&#10;&#9;at org.junit.Assert.assertFalse(Assert.java:64)&#10;&#9;at step_definition.CreateAccountNonConformPswSteps.leCompteClientNEstPasCréé(CreateAccountNonConformPswSteps.java:23)&#10;&#9;at ✽.le compte client n est pas créé(file:src/test/resources/features/createAccountNonConformPsw.feature:11)&#10;"><![CDATA[Given j ouvre l application.................................................passed
When je clique sur My Account...............................................passed
And je saisis mon email dans le pavé register 'poecgroupe27@endtest.io'.....passed
And je saisis un mot de passe Non Conforme au Regex 'poecgroupe'............passed
And je clique sur le bouton register........................................passed
Then le compte client n est pas créé........................................failed

StackTrace:
java.lang.AssertionError: Le bouton est cliquable
	at org.junit.Assert.fail(Assert.java:88)
	at org.junit.Assert.assertTrue(Assert.java:41)
	at org.junit.Assert.assertFalse(Assert.java:64)
	at step_definition.CreateAccountNonConformPswSteps.leCompteClientNEstPasCréé(CreateAccountNonConformPswSteps.java:23)
	at ✽.le compte client n est pas créé(file:src/test/resources/features/createAccountNonConformPsw.feature:11)
]]></failure>
    </testcase>
</testsuite>
