<?xml version="1.0" encoding="UTF-8" standalone="no"?>
<testsuite failures="0" name="cucumber.runtime.formatter.JUnitFormatter" skipped="0" tests="1" time="29.077234">
    <testcase classname="US06 - Déconnexion" name="Test US06 - Valider que dans l'espace &quot;My Account&quot; un lien &quot;Logout&quot; permet la déconnexion et l'affichage des pavés Login et Register" time="29.077234">
        <system-out><![CDATA[Given j ouvre l application.................................................passed
When je clique sur My Account...............................................passed
And je saisis mon email dans le pavé login 'poecgroupe26@endtest.io'........passed
And je saisis un password valide dans le pavé login 'Poecgroupe2@'..........passed
And je clique sur le bouton login...........................................passed
And je clique sur Logout....................................................passed
Then je suis déconnecté et la page Account affiche les pavé de Login et de Register.passed
]]></system-out>
    </testcase>
</testsuite>
