<?xml version="1.0" encoding="UTF-8" standalone="no"?>
<testsuite failures="0" name="cucumber.runtime.formatter.JUnitFormatter" skipped="0" tests="1" time="6.192711">
    <testcase classname="US01- Création de compte" name="Test US01- Valider que le client ne puisse pas créer un compte avec un nom, prénom, email et un mot de passe NON CONFORME au Regex (minim 7 caractères et contenir minim une majuscule, une  minuscule, un chiffre et un caractère spécial)" time="6.192711">
        <system-out><![CDATA[Given j ouvre l application.................................................passed
When je clique sur My Account...............................................passed
And je saisie le email 'poecgroupe27@endtest.io'............................passed
And je saisie un mot de passe Non Conforme au Regex 'poecgroupe'............passed
And je clique sur Register..................................................passed
Then le compte client n est pas créé........................................passed
]]></system-out>
    </testcase>
</testsuite>
